0 info it worked if it ends with ok
1 verbose cli [ '/Users/agorbatchev/.nvm/versions/v5.3.0/bin/node',
1 verbose cli   '/Users/agorbatchev/.nvm/versions/v5.3.0/bin/npm',
1 verbose cli   '--registry=http://registry.npmjs.org/',
1 verbose cli   'i',
1 verbose cli   '--save-dev',
1 verbose cli   'babel-register' ]
2 info using npm@3.3.12
3 info using node@v5.3.0
4 silly loadCurrentTree Starting
5 silly install loadCurrentTree
6 silly install readLocalPackageData
7 silly rollbackFailedOptional Starting
8 silly rollbackFailedOptional Finishing
9 silly runTopLevelLifecycles Starting
10 silly runTopLevelLifecycles Finishing
11 silly install printInstalled
12 verbose stack Error: ENOENT: no such file or directory, stat '/Users/agorbatchev/1/syntaxhighlighter/syntaxhighlighter/node_modules/syntaxhighlighter'
12 verbose stack     at Error (native)
13 verbose cwd /Users/agorbatchev/1/syntaxhighlighter/syntaxhighlighter/repos/brush-as3
14 error Darwin 14.5.0
15 error argv "/Users/agorbatchev/.nvm/versions/v5.3.0/bin/node" "/Users/agorbatchev/.nvm/versions/v5.3.0/bin/npm" "--registry=http://registry.npmjs.org/" "i" "--save-dev" "babel-register"
16 error node v5.3.0
17 error npm  v3.3.12
18 error path /Users/agorbatchev/1/syntaxhighlighter/syntaxhighlighter/node_modules/syntaxhighlighter
19 error code ENOENT
20 error errno -2
21 error syscall stat
22 error enoent ENOENT: no such file or directory, stat '/Users/agorbatchev/1/syntaxhighlighter/syntaxhighlighter/node_modules/syntaxhighlighter'
22 error enoent This is most likely not a problem with npm itself
22 error enoent and is related to npm not being able to find a file.
23 verbose exit [ -2, true ]
